running develop
running egg_info
creating turtle_ball_tracking.egg-info
writing turtle_ball_tracking.egg-info/PKG-INFO
writing dependency_links to turtle_ball_tracking.egg-info/dependency_links.txt
writing entry points to turtle_ball_tracking.egg-info/entry_points.txt
writing requirements to turtle_ball_tracking.egg-info/requires.txt
writing top-level names to turtle_ball_tracking.egg-info/top_level.txt
writing manifest file 'turtle_ball_tracking.egg-info/SOURCES.txt'
reading manifest file 'turtle_ball_tracking.egg-info/SOURCES.txt'
writing manifest file 'turtle_ball_tracking.egg-info/SOURCES.txt'
running build_ext
Creating /app/install/turtle_ball_tracking/lib/python3.10/site-packages/turtle-ball-tracking.egg-link (link to .)
Installing ball_image_publisher script to /app/install/turtle_ball_tracking/lib/turtle_ball_tracking
Installing ball_tracker script to /app/install/turtle_ball_tracking/lib/turtle_ball_tracking

Installed /app/build/turtle_ball_tracking
running symlink_data
creating /app/install/turtle_ball_tracking/share/ament_index
creating /app/install/turtle_ball_tracking/share/ament_index/resource_index
creating /app/install/turtle_ball_tracking/share/ament_index/resource_index/packages
symbolically linking /app/build/turtle_ball_tracking/resource/turtle_ball_tracking -> /app/install/turtle_ball_tracking/share/ament_index/resource_index/packages
symbolically linking /app/build/turtle_ball_tracking/package.xml -> /app/install/turtle_ball_tracking/share/turtle_ball_tracking
creating /app/install/turtle_ball_tracking/share/turtle_ball_tracking/launch
symbolically linking /app/build/turtle_ball_tracking/launch/ball_tracker.launch.py -> /app/install/turtle_ball_tracking/share/turtle_ball_tracking/launch
