[0.323s] Invoking command in '/app/build/turtle_ball_tracking': PYTHONPATH=/app/build/turtle_ball_tracking/prefix_override:/usr/lib/python3/dist-packages/colcon_core/task/python/colcon_distutils_commands:/app/install/turtle_ball_tracking/lib/python3.10/site-packages:${PYTHONPATH} /usr/bin/python3 -W ignore:setup.py install is deprecated -W ignore:easy_install command is deprecated setup.py develop --editable --build-directory /app/build/turtle_ball_tracking/build --no-deps symlink_data
[0.461s] running develop
[0.535s] running egg_info
[0.535s] creating turtle_ball_tracking.egg-info
[0.535s] writing turtle_ball_tracking.egg-info/PKG-INFO
[0.535s] writing dependency_links to turtle_ball_tracking.egg-info/dependency_links.txt
[0.535s] writing entry points to turtle_ball_tracking.egg-info/entry_points.txt
[0.535s] writing requirements to turtle_ball_tracking.egg-info/requires.txt
[0.535s] writing top-level names to turtle_ball_tracking.egg-info/top_level.txt
[0.535s] writing manifest file 'turtle_ball_tracking.egg-info/SOURCES.txt'
[0.536s] reading manifest file 'turtle_ball_tracking.egg-info/SOURCES.txt'
[0.536s] writing manifest file 'turtle_ball_tracking.egg-info/SOURCES.txt'
[0.537s] running build_ext
[0.537s] Creating /app/install/turtle_ball_tracking/lib/python3.10/site-packages/turtle-ball-tracking.egg-link (link to .)
[0.538s] Installing ball_image_publisher script to /app/install/turtle_ball_tracking/lib/turtle_ball_tracking
[0.538s] Installing ball_tracker script to /app/install/turtle_ball_tracking/lib/turtle_ball_tracking
[0.538s] 
[0.538s] Installed /app/build/turtle_ball_tracking
[0.538s] running symlink_data
[0.538s] creating /app/install/turtle_ball_tracking/share/ament_index
[0.538s] creating /app/install/turtle_ball_tracking/share/ament_index/resource_index
[0.538s] creating /app/install/turtle_ball_tracking/share/ament_index/resource_index/packages
[0.539s] symbolically linking /app/build/turtle_ball_tracking/resource/turtle_ball_tracking -> /app/install/turtle_ball_tracking/share/ament_index/resource_index/packages
[0.539s] symbolically linking /app/build/turtle_ball_tracking/package.xml -> /app/install/turtle_ball_tracking/share/turtle_ball_tracking
[0.539s] creating /app/install/turtle_ball_tracking/share/turtle_ball_tracking/launch
[0.539s] symbolically linking /app/build/turtle_ball_tracking/launch/ball_tracker.launch.py -> /app/install/turtle_ball_tracking/share/turtle_ball_tracking/launch
[0.555s] Invoked command in '/app/build/turtle_ball_tracking' returned '0': PYTHONPATH=/app/build/turtle_ball_tracking/prefix_override:/usr/lib/python3/dist-packages/colcon_core/task/python/colcon_distutils_commands:/app/install/turtle_ball_tracking/lib/python3.10/site-packages:${PYTHONPATH} /usr/bin/python3 -W ignore:setup.py install is deprecated -W ignore:easy_install command is deprecated setup.py develop --editable --build-directory /app/build/turtle_ball_tracking/build --no-deps symlink_data
